2024-03-08 09:39:03.653 [main] INFO  com.example.demo.DemoApplicationTests - Starting DemoApplicationTests on LAPTOP-9DPVOP9K with PID 10660 (started by Q in D:\IdeaProjects\demo)
2024-03-08 09:39:03.654 [main] INFO  com.example.demo.DemoApplicationTests - No active profile set, falling back to default profiles: default
2024-03-08 09:39:04.577 [main] INFO  org.springframework.data.repository.config.RepositoryConfigurationDelegate - Multiple Spring Data modules found, entering strict repository configuration mode!
2024-03-08 09:39:04.579 [main] INFO  org.springframework.data.repository.config.RepositoryConfigurationDelegate - Bootstrapping Spring Data repositories in DEFAULT mode.
2024-03-08 09:39:04.618 [main] INFO  org.springframework.data.repository.config.RepositoryConfigurationDelegate - Finished Spring Data repository scanning in 23ms. Found 0 repository interfaces.
2024-03-08 09:39:04.630 [main] INFO  org.springframework.data.repository.config.RepositoryConfigurationDelegate - Multiple Spring Data modules found, entering strict repository configuration mode!
2024-03-08 09:39:04.632 [main] INFO  org.springframework.data.repository.config.RepositoryConfigurationDelegate - Bootstrapping Spring Data repositories in DEFAULT mode.
2024-03-08 09:39:04.644 [main] INFO  org.springframework.data.repository.config.RepositoryConfigurationDelegate - Finished Spring Data repository scanning in 4ms. Found 0 repository interfaces.
2024-03-08 09:39:05.029 [main] INFO  org.springframework.context.support.PostProcessorRegistrationDelegate$BeanPostProcessorChecker - Bean 'org.springframework.transaction.annotation.ProxyTransactionManagementConfiguration' of type [org.springframework.transaction.annotation.ProxyTransactionManagementConfiguration$$EnhancerBySpringCGLIB$$18b51de6] is not eligible for getting processed by all BeanPostProcessors (for example: not eligible for auto-proxying)
2024-03-08 09:39:06.673 [main] INFO  org.springframework.scheduling.concurrent.ThreadPoolTaskExecutor - Initializing ExecutorService 'applicationTaskExecutor'
2024-03-08 09:39:07.855 [main] INFO  com.example.demo.DemoApplicationTests - Started DemoApplicationTests in 4.737 seconds (JVM running for 6.131)
2024-03-08 09:39:08.122 [Thread-3] INFO  org.springframework.scheduling.concurrent.ThreadPoolTaskExecutor - Shutting down ExecutorService 'applicationTaskExecutor'
2024-03-08 09:39:08.123 [Thread-3] INFO  com.alibaba.druid.pool.DruidDataSource - {dataSource-0} closing ...
2024-03-08 09:39:28.633 [main] INFO  com.example.demo.DemoApplicationTests - Starting DemoApplicationTests on LAPTOP-9DPVOP9K with PID 19572 (started by Q in D:\IdeaProjects\demo)
2024-03-08 09:39:28.634 [main] INFO  com.example.demo.DemoApplicationTests - No active profile set, falling back to default profiles: default
2024-03-08 09:39:29.389 [main] INFO  org.springframework.data.repository.config.RepositoryConfigurationDelegate - Multiple Spring Data modules found, entering strict repository configuration mode!
2024-03-08 09:39:29.391 [main] INFO  org.springframework.data.repository.config.RepositoryConfigurationDelegate - Bootstrapping Spring Data repositories in DEFAULT mode.
2024-03-08 09:39:29.416 [main] INFO  org.springframework.data.repository.config.RepositoryConfigurationDelegate - Finished Spring Data repository scanning in 20ms. Found 0 repository interfaces.
2024-03-08 09:39:29.426 [main] INFO  org.springframework.data.repository.config.RepositoryConfigurationDelegate - Multiple Spring Data modules found, entering strict repository configuration mode!
2024-03-08 09:39:29.428 [main] INFO  org.springframework.data.repository.config.RepositoryConfigurationDelegate - Bootstrapping Spring Data repositories in DEFAULT mode.
2024-03-08 09:39:29.437 [main] INFO  org.springframework.data.repository.config.RepositoryConfigurationDelegate - Finished Spring Data repository scanning in 4ms. Found 0 repository interfaces.
2024-03-08 09:39:29.779 [main] INFO  org.springframework.context.support.PostProcessorRegistrationDelegate$BeanPostProcessorChecker - Bean 'org.springframework.transaction.annotation.ProxyTransactionManagementConfiguration' of type [org.springframework.transaction.annotation.ProxyTransactionManagementConfiguration$$EnhancerBySpringCGLIB$$b5899b1e] is not eligible for getting processed by all BeanPostProcessors (for example: not eligible for auto-proxying)
2024-03-08 09:39:31.191 [main] INFO  org.springframework.scheduling.concurrent.ThreadPoolTaskExecutor - Initializing ExecutorService 'applicationTaskExecutor'
2024-03-08 09:39:32.339 [main] INFO  com.example.demo.DemoApplicationTests - Started DemoApplicationTests in 4.263 seconds (JVM running for 5.266)
2024-03-08 09:39:32.512 [Thread-3] INFO  org.springframework.scheduling.concurrent.ThreadPoolTaskExecutor - Shutting down ExecutorService 'applicationTaskExecutor'
2024-03-08 09:39:32.514 [Thread-3] INFO  com.alibaba.druid.pool.DruidDataSource - {dataSource-0} closing ...
2024-03-08 09:40:00.632 [main] INFO  com.example.demo.DemoApplicationTests - Starting DemoApplicationTests on LAPTOP-9DPVOP9K with PID 5892 (started by Q in D:\IdeaProjects\demo)
2024-03-08 09:40:00.633 [main] INFO  com.example.demo.DemoApplicationTests - No active profile set, falling back to default profiles: default
2024-03-08 09:40:01.466 [main] INFO  org.springframework.data.repository.config.RepositoryConfigurationDelegate - Multiple Spring Data modules found, entering strict repository configuration mode!
2024-03-08 09:40:01.468 [main] INFO  org.springframework.data.repository.config.RepositoryConfigurationDelegate - Bootstrapping Spring Data repositories in DEFAULT mode.
2024-03-08 09:40:01.494 [main] INFO  org.springframework.data.repository.config.RepositoryConfigurationDelegate - Finished Spring Data repository scanning in 21ms. Found 0 repository interfaces.
2024-03-08 09:40:01.508 [main] INFO  org.springframework.data.repository.config.RepositoryConfigurationDelegate - Multiple Spring Data modules found, entering strict repository configuration mode!
2024-03-08 09:40:01.511 [main] INFO  org.springframework.data.repository.config.RepositoryConfigurationDelegate - Bootstrapping Spring Data repositories in DEFAULT mode.
2024-03-08 09:40:01.527 [main] INFO  org.springframework.data.repository.config.RepositoryConfigurationDelegate - Finished Spring Data repository scanning in 6ms. Found 0 repository interfaces.
2024-03-08 09:40:01.881 [main] INFO  org.springframework.context.support.PostProcessorRegistrationDelegate$BeanPostProcessorChecker - Bean 'org.springframework.transaction.annotation.ProxyTransactionManagementConfiguration' of type [org.springframework.transaction.annotation.ProxyTransactionManagementConfiguration$$EnhancerBySpringCGLIB$$ab4fce11] is not eligible for getting processed by all BeanPostProcessors (for example: not eligible for auto-proxying)
2024-03-08 09:40:03.224 [main] INFO  org.springframework.scheduling.concurrent.ThreadPoolTaskExecutor - Initializing ExecutorService 'applicationTaskExecutor'
2024-03-08 09:40:04.325 [main] INFO  com.example.demo.DemoApplicationTests - Started DemoApplicationTests in 4.34 seconds (JVM running for 5.256)
2024-03-08 09:40:04.514 [Thread-3] INFO  org.springframework.scheduling.concurrent.ThreadPoolTaskExecutor - Shutting down ExecutorService 'applicationTaskExecutor'
2024-03-08 09:40:04.516 [Thread-3] INFO  com.alibaba.druid.pool.DruidDataSource - {dataSource-0} closing ...
2024-03-08 09:40:27.304 [main] INFO  com.example.demo.DemoApplicationTests - Starting DemoApplicationTests on LAPTOP-9DPVOP9K with PID 15292 (started by Q in D:\IdeaProjects\demo)
2024-03-08 09:40:27.305 [main] INFO  com.example.demo.DemoApplicationTests - No active profile set, falling back to default profiles: default
2024-03-08 09:40:28.019 [main] INFO  org.springframework.data.repository.config.RepositoryConfigurationDelegate - Multiple Spring Data modules found, entering strict repository configuration mode!
2024-03-08 09:40:28.020 [main] INFO  org.springframework.data.repository.config.RepositoryConfigurationDelegate - Bootstrapping Spring Data repositories in DEFAULT mode.
2024-03-08 09:40:28.043 [main] INFO  org.springframework.data.repository.config.RepositoryConfigurationDelegate - Finished Spring Data repository scanning in 17ms. Found 0 repository interfaces.
2024-03-08 09:40:28.053 [main] INFO  org.springframework.data.repository.config.RepositoryConfigurationDelegate - Multiple Spring Data modules found, entering strict repository configuration mode!
2024-03-08 09:40:28.054 [main] INFO  org.springframework.data.repository.config.RepositoryConfigurationDelegate - Bootstrapping Spring Data repositories in DEFAULT mode.
2024-03-08 09:40:28.066 [main] INFO  org.springframework.data.repository.config.RepositoryConfigurationDelegate - Finished Spring Data repository scanning in 4ms. Found 0 repository interfaces.
2024-03-08 09:40:28.389 [main] INFO  org.springframework.context.support.PostProcessorRegistrationDelegate$BeanPostProcessorChecker - Bean 'org.springframework.transaction.annotation.ProxyTransactionManagementConfiguration' of type [org.springframework.transaction.annotation.ProxyTransactionManagementConfiguration$$EnhancerBySpringCGLIB$$ab4fce11] is not eligible for getting processed by all BeanPostProcessors (for example: not eligible for auto-proxying)
2024-03-08 09:40:29.755 [main] INFO  org.springframework.scheduling.concurrent.ThreadPoolTaskExecutor - Initializing ExecutorService 'applicationTaskExecutor'
2024-03-08 09:40:30.866 [main] INFO  com.example.demo.DemoApplicationTests - Started DemoApplicationTests in 4.135 seconds (JVM running for 5.047)
2024-03-08 09:40:31.049 [Thread-3] INFO  org.springframework.scheduling.concurrent.ThreadPoolTaskExecutor - Shutting down ExecutorService 'applicationTaskExecutor'
2024-03-08 09:40:31.051 [Thread-3] INFO  com.alibaba.druid.pool.DruidDataSource - {dataSource-0} closing ...
2024-03-08 09:40:42.842 [main] INFO  com.example.demo.DemoApplicationTests - Starting DemoApplicationTests on LAPTOP-9DPVOP9K with PID 2204 (started by Q in D:\IdeaProjects\demo)
2024-03-08 09:40:42.843 [main] INFO  com.example.demo.DemoApplicationTests - No active profile set, falling back to default profiles: default
2024-03-08 09:40:43.561 [main] INFO  org.springframework.data.repository.config.RepositoryConfigurationDelegate - Multiple Spring Data modules found, entering strict repository configuration mode!
2024-03-08 09:40:43.563 [main] INFO  org.springframework.data.repository.config.RepositoryConfigurationDelegate - Bootstrapping Spring Data repositories in DEFAULT mode.
2024-03-08 09:40:43.588 [main] INFO  org.springframework.data.repository.config.RepositoryConfigurationDelegate - Finished Spring Data repository scanning in 20ms. Found 0 repository interfaces.
2024-03-08 09:40:43.600 [main] INFO  org.springframework.data.repository.config.RepositoryConfigurationDelegate - Multiple Spring Data modules found, entering strict repository configuration mode!
2024-03-08 09:40:43.602 [main] INFO  org.springframework.data.repository.config.RepositoryConfigurationDelegate - Bootstrapping Spring Data repositories in DEFAULT mode.
2024-03-08 09:40:43.614 [main] INFO  org.springframework.data.repository.config.RepositoryConfigurationDelegate - Finished Spring Data repository scanning in 4ms. Found 0 repository interfaces.
2024-03-08 09:40:43.946 [main] INFO  org.springframework.context.support.PostProcessorRegistrationDelegate$BeanPostProcessorChecker - Bean 'org.springframework.transaction.annotation.ProxyTransactionManagementConfiguration' of type [org.springframework.transaction.annotation.ProxyTransactionManagementConfiguration$$EnhancerBySpringCGLIB$$ab4fce11] is not eligible for getting processed by all BeanPostProcessors (for example: not eligible for auto-proxying)
2024-03-08 09:40:45.327 [main] INFO  org.springframework.scheduling.concurrent.ThreadPoolTaskExecutor - Initializing ExecutorService 'applicationTaskExecutor'
2024-03-08 09:40:46.457 [main] INFO  com.example.demo.DemoApplicationTests - Started DemoApplicationTests in 4.149 seconds (JVM running for 5.172)
2024-03-08 09:40:46.639 [Thread-3] INFO  org.springframework.scheduling.concurrent.ThreadPoolTaskExecutor - Shutting down ExecutorService 'applicationTaskExecutor'
2024-03-08 09:40:46.641 [Thread-3] INFO  com.alibaba.druid.pool.DruidDataSource - {dataSource-0} closing ...
2024-03-08 10:42:33.057 [main] INFO  com.example.demo.DemoApplicationTests - Starting DemoApplicationTests on LAPTOP-9DPVOP9K with PID 4996 (started by Q in D:\IdeaProjects\demo)
2024-03-08 10:42:33.058 [main] INFO  com.example.demo.DemoApplicationTests - No active profile set, falling back to default profiles: default
2024-03-08 10:42:33.947 [main] INFO  org.springframework.data.repository.config.RepositoryConfigurationDelegate - Multiple Spring Data modules found, entering strict repository configuration mode!
2024-03-08 10:42:33.949 [main] INFO  org.springframework.data.repository.config.RepositoryConfigurationDelegate - Bootstrapping Spring Data repositories in DEFAULT mode.
2024-03-08 10:42:33.974 [main] INFO  org.springframework.data.repository.config.RepositoryConfigurationDelegate - Finished Spring Data repository scanning in 21ms. Found 0 repository interfaces.
2024-03-08 10:42:33.984 [main] INFO  org.springframework.data.repository.config.RepositoryConfigurationDelegate - Multiple Spring Data modules found, entering strict repository configuration mode!
2024-03-08 10:42:33.987 [main] INFO  org.springframework.data.repository.config.RepositoryConfigurationDelegate - Bootstrapping Spring Data repositories in DEFAULT mode.
2024-03-08 10:42:33.997 [main] INFO  org.springframework.data.repository.config.RepositoryConfigurationDelegate - Finished Spring Data repository scanning in 4ms. Found 0 repository interfaces.
2024-03-08 10:42:34.365 [main] INFO  org.springframework.context.support.PostProcessorRegistrationDelegate$BeanPostProcessorChecker - Bean 'org.springframework.transaction.annotation.ProxyTransactionManagementConfiguration' of type [org.springframework.transaction.annotation.ProxyTransactionManagementConfiguration$$EnhancerBySpringCGLIB$$ab4fce11] is not eligible for getting processed by all BeanPostProcessors (for example: not eligible for auto-proxying)
2024-03-08 10:42:36.494 [main] INFO  org.springframework.scheduling.concurrent.ThreadPoolTaskExecutor - Initializing ExecutorService 'applicationTaskExecutor'
2024-03-08 10:42:37.632 [main] INFO  com.example.demo.DemoApplicationTests - Started DemoApplicationTests in 5.1 seconds (JVM running for 6.204)
2024-03-08 10:42:37.845 [Thread-3] INFO  org.springframework.scheduling.concurrent.ThreadPoolTaskExecutor - Shutting down ExecutorService 'applicationTaskExecutor'
2024-03-08 10:42:37.846 [Thread-3] INFO  com.alibaba.druid.pool.DruidDataSource - {dataSource-0} closing ...
2024-03-08 10:42:59.277 [main] INFO  com.example.demo.DemoApplicationTests - Starting DemoApplicationTests on LAPTOP-9DPVOP9K with PID 23884 (started by Q in D:\IdeaProjects\demo)
2024-03-08 10:42:59.278 [main] INFO  com.example.demo.DemoApplicationTests - No active profile set, falling back to default profiles: default
2024-03-08 10:43:00.037 [main] INFO  org.springframework.data.repository.config.RepositoryConfigurationDelegate - Multiple Spring Data modules found, entering strict repository configuration mode!
2024-03-08 10:43:00.039 [main] INFO  org.springframework.data.repository.config.RepositoryConfigurationDelegate - Bootstrapping Spring Data repositories in DEFAULT mode.
2024-03-08 10:43:00.061 [main] INFO  org.springframework.data.repository.config.RepositoryConfigurationDelegate - Finished Spring Data repository scanning in 17ms. Found 0 repository interfaces.
2024-03-08 10:43:00.072 [main] INFO  org.springframework.data.repository.config.RepositoryConfigurationDelegate - Multiple Spring Data modules found, entering strict repository configuration mode!
2024-03-08 10:43:00.073 [main] INFO  org.springframework.data.repository.config.RepositoryConfigurationDelegate - Bootstrapping Spring Data repositories in DEFAULT mode.
2024-03-08 10:43:00.087 [main] INFO  org.springframework.data.repository.config.RepositoryConfigurationDelegate - Finished Spring Data repository scanning in 6ms. Found 0 repository interfaces.
2024-03-08 10:43:00.425 [main] INFO  org.springframework.context.support.PostProcessorRegistrationDelegate$BeanPostProcessorChecker - Bean 'org.springframework.transaction.annotation.ProxyTransactionManagementConfiguration' of type [org.springframework.transaction.annotation.ProxyTransactionManagementConfiguration$$EnhancerBySpringCGLIB$$ab4fce11] is not eligible for getting processed by all BeanPostProcessors (for example: not eligible for auto-proxying)
2024-03-08 10:43:01.802 [main] INFO  org.springframework.scheduling.concurrent.ThreadPoolTaskExecutor - Initializing ExecutorService 'applicationTaskExecutor'
2024-03-08 10:43:02.876 [main] INFO  com.example.demo.DemoApplicationTests - Started DemoApplicationTests in 4.15 seconds (JVM running for 5.037)
2024-03-08 10:43:03.084 [Thread-3] INFO  org.springframework.scheduling.concurrent.ThreadPoolTaskExecutor - Shutting down ExecutorService 'applicationTaskExecutor'
2024-03-08 10:43:03.086 [Thread-3] INFO  com.alibaba.druid.pool.DruidDataSource - {dataSource-0} closing ...
