2024-03-27 09:39:51.332 [main] INFO  com.example.demo.DemoApplicationTests - Starting DemoApplicationTests on LAPTOP-9DPVOP9K with PID 11184 (started by Q in D:\IdeaProjects\demo)
2024-03-27 09:39:51.333 [main] INFO  com.example.demo.DemoApplicationTests - No active profile set, falling back to default profiles: default
2024-03-27 09:39:52.314 [main] INFO  org.springframework.data.repository.config.RepositoryConfigurationDelegate - Multiple Spring Data modules found, entering strict repository configuration mode!
2024-03-27 09:39:52.317 [main] INFO  org.springframework.data.repository.config.RepositoryConfigurationDelegate - Bootstrapping Spring Data repositories in DEFAULT mode.
2024-03-27 09:39:52.348 [main] INFO  org.springframework.data.repository.config.RepositoryConfigurationDelegate - Finished Spring Data repository scanning in 20ms. Found 0 repository interfaces.
2024-03-27 09:39:52.359 [main] INFO  org.springframework.data.repository.config.RepositoryConfigurationDelegate - Multiple Spring Data modules found, entering strict repository configuration mode!
2024-03-27 09:39:52.361 [main] INFO  org.springframework.data.repository.config.RepositoryConfigurationDelegate - Bootstrapping Spring Data repositories in DEFAULT mode.
2024-03-27 09:39:52.371 [main] INFO  org.springframework.data.repository.config.RepositoryConfigurationDelegate - Finished Spring Data repository scanning in 3ms. Found 0 repository interfaces.
2024-03-27 09:39:52.754 [main] INFO  org.springframework.context.support.PostProcessorRegistrationDelegate$BeanPostProcessorChecker - Bean 'org.springframework.transaction.annotation.ProxyTransactionManagementConfiguration' of type [org.springframework.transaction.annotation.ProxyTransactionManagementConfiguration$$EnhancerBySpringCGLIB$$e4a4584c] is not eligible for getting processed by all BeanPostProcessors (for example: not eligible for auto-proxying)
2024-03-27 09:39:55.362 [main] INFO  org.springframework.scheduling.concurrent.ThreadPoolTaskExecutor - Initializing ExecutorService 'applicationTaskExecutor'
2024-03-27 09:39:57.475 [main] INFO  com.example.demo.DemoApplicationTests - Started DemoApplicationTests in 6.635 seconds (JVM running for 7.953)
2024-03-27 09:39:57.787 [Thread-3] INFO  org.springframework.scheduling.concurrent.ThreadPoolTaskExecutor - Shutting down ExecutorService 'applicationTaskExecutor'
2024-03-27 09:39:57.788 [Thread-3] INFO  com.alibaba.druid.pool.DruidDataSource - {dataSource-0} closing ...
2024-03-27 09:40:29.396 [main] INFO  com.example.demo.DemoApplicationTests - Starting DemoApplicationTests on LAPTOP-9DPVOP9K with PID 18056 (started by Q in D:\IdeaProjects\demo)
2024-03-27 09:40:29.403 [main] INFO  com.example.demo.DemoApplicationTests - No active profile set, falling back to default profiles: default
2024-03-27 09:40:30.239 [main] INFO  org.springframework.data.repository.config.RepositoryConfigurationDelegate - Multiple Spring Data modules found, entering strict repository configuration mode!
2024-03-27 09:40:30.242 [main] INFO  org.springframework.data.repository.config.RepositoryConfigurationDelegate - Bootstrapping Spring Data repositories in DEFAULT mode.
2024-03-27 09:40:30.264 [main] INFO  org.springframework.data.repository.config.RepositoryConfigurationDelegate - Finished Spring Data repository scanning in 16ms. Found 0 repository interfaces.
2024-03-27 09:40:30.275 [main] INFO  org.springframework.data.repository.config.RepositoryConfigurationDelegate - Multiple Spring Data modules found, entering strict repository configuration mode!
2024-03-27 09:40:30.278 [main] INFO  org.springframework.data.repository.config.RepositoryConfigurationDelegate - Bootstrapping Spring Data repositories in DEFAULT mode.
2024-03-27 09:40:30.293 [main] INFO  org.springframework.data.repository.config.RepositoryConfigurationDelegate - Finished Spring Data repository scanning in 5ms. Found 0 repository interfaces.
2024-03-27 09:40:30.668 [main] INFO  org.springframework.context.support.PostProcessorRegistrationDelegate$BeanPostProcessorChecker - Bean 'org.springframework.transaction.annotation.ProxyTransactionManagementConfiguration' of type [org.springframework.transaction.annotation.ProxyTransactionManagementConfiguration$$EnhancerBySpringCGLIB$$e4a4584c] is not eligible for getting processed by all BeanPostProcessors (for example: not eligible for auto-proxying)
2024-03-27 09:40:32.226 [main] INFO  org.springframework.scheduling.concurrent.ThreadPoolTaskExecutor - Initializing ExecutorService 'applicationTaskExecutor'
2024-03-27 09:40:33.486 [main] INFO  com.example.demo.DemoApplicationTests - Started DemoApplicationTests in 4.673 seconds (JVM running for 5.65)
2024-03-27 09:40:33.701 [Thread-3] INFO  org.springframework.scheduling.concurrent.ThreadPoolTaskExecutor - Shutting down ExecutorService 'applicationTaskExecutor'
2024-03-27 09:40:33.702 [Thread-3] INFO  com.alibaba.druid.pool.DruidDataSource - {dataSource-0} closing ...
2024-03-27 09:40:56.357 [main] INFO  com.example.demo.DemoApplicationTests - Starting DemoApplicationTests on LAPTOP-9DPVOP9K with PID 18360 (started by Q in D:\IdeaProjects\demo)
2024-03-27 09:40:56.358 [main] INFO  com.example.demo.DemoApplicationTests - No active profile set, falling back to default profiles: default
2024-03-27 09:40:57.212 [main] INFO  org.springframework.data.repository.config.RepositoryConfigurationDelegate - Multiple Spring Data modules found, entering strict repository configuration mode!
2024-03-27 09:40:57.214 [main] INFO  org.springframework.data.repository.config.RepositoryConfigurationDelegate - Bootstrapping Spring Data repositories in DEFAULT mode.
2024-03-27 09:40:57.242 [main] INFO  org.springframework.data.repository.config.RepositoryConfigurationDelegate - Finished Spring Data repository scanning in 15ms. Found 0 repository interfaces.
2024-03-27 09:40:57.251 [main] INFO  org.springframework.data.repository.config.RepositoryConfigurationDelegate - Multiple Spring Data modules found, entering strict repository configuration mode!
2024-03-27 09:40:57.252 [main] INFO  org.springframework.data.repository.config.RepositoryConfigurationDelegate - Bootstrapping Spring Data repositories in DEFAULT mode.
2024-03-27 09:40:57.262 [main] INFO  org.springframework.data.repository.config.RepositoryConfigurationDelegate - Finished Spring Data repository scanning in 4ms. Found 0 repository interfaces.
2024-03-27 09:40:57.593 [main] INFO  org.springframework.context.support.PostProcessorRegistrationDelegate$BeanPostProcessorChecker - Bean 'org.springframework.transaction.annotation.ProxyTransactionManagementConfiguration' of type [org.springframework.transaction.annotation.ProxyTransactionManagementConfiguration$$EnhancerBySpringCGLIB$$7ddbe876] is not eligible for getting processed by all BeanPostProcessors (for example: not eligible for auto-proxying)
2024-03-27 09:40:59.032 [main] INFO  org.springframework.scheduling.concurrent.ThreadPoolTaskExecutor - Initializing ExecutorService 'applicationTaskExecutor'
2024-03-27 09:41:00.093 [main] INFO  com.example.demo.DemoApplicationTests - Started DemoApplicationTests in 4.207 seconds (JVM running for 5.161)
2024-03-27 09:41:00.294 [Thread-3] INFO  org.springframework.scheduling.concurrent.ThreadPoolTaskExecutor - Shutting down ExecutorService 'applicationTaskExecutor'
2024-03-27 09:41:00.296 [Thread-3] INFO  com.alibaba.druid.pool.DruidDataSource - {dataSource-0} closing ...
2024-03-27 09:41:25.132 [main] INFO  com.example.demo.DemoApplicationTests - Starting DemoApplicationTests on LAPTOP-9DPVOP9K with PID 23080 (started by Q in D:\IdeaProjects\demo)
2024-03-27 09:41:25.133 [main] INFO  com.example.demo.DemoApplicationTests - No active profile set, falling back to default profiles: default
2024-03-27 09:41:25.876 [main] INFO  org.springframework.data.repository.config.RepositoryConfigurationDelegate - Multiple Spring Data modules found, entering strict repository configuration mode!
2024-03-27 09:41:25.878 [main] INFO  org.springframework.data.repository.config.RepositoryConfigurationDelegate - Bootstrapping Spring Data repositories in DEFAULT mode.
2024-03-27 09:41:25.904 [main] INFO  org.springframework.data.repository.config.RepositoryConfigurationDelegate - Finished Spring Data repository scanning in 19ms. Found 0 repository interfaces.
2024-03-27 09:41:25.914 [main] INFO  org.springframework.data.repository.config.RepositoryConfigurationDelegate - Multiple Spring Data modules found, entering strict repository configuration mode!
2024-03-27 09:41:25.916 [main] INFO  org.springframework.data.repository.config.RepositoryConfigurationDelegate - Bootstrapping Spring Data repositories in DEFAULT mode.
2024-03-27 09:41:25.928 [main] INFO  org.springframework.data.repository.config.RepositoryConfigurationDelegate - Finished Spring Data repository scanning in 4ms. Found 0 repository interfaces.
2024-03-27 09:41:26.254 [main] INFO  org.springframework.context.support.PostProcessorRegistrationDelegate$BeanPostProcessorChecker - Bean 'org.springframework.transaction.annotation.ProxyTransactionManagementConfiguration' of type [org.springframework.transaction.annotation.ProxyTransactionManagementConfiguration$$EnhancerBySpringCGLIB$$cf28929c] is not eligible for getting processed by all BeanPostProcessors (for example: not eligible for auto-proxying)
2024-03-27 09:41:27.680 [main] INFO  org.springframework.scheduling.concurrent.ThreadPoolTaskExecutor - Initializing ExecutorService 'applicationTaskExecutor'
2024-03-27 09:41:28.753 [main] INFO  com.example.demo.DemoApplicationTests - Started DemoApplicationTests in 4.079 seconds (JVM running for 5.07)
2024-03-27 09:41:28.968 [Thread-3] INFO  org.springframework.scheduling.concurrent.ThreadPoolTaskExecutor - Shutting down ExecutorService 'applicationTaskExecutor'
2024-03-27 09:41:28.970 [Thread-3] INFO  com.alibaba.druid.pool.DruidDataSource - {dataSource-0} closing ...
2024-03-27 09:42:07.116 [main] INFO  com.example.demo.DemoApplicationTests - Starting DemoApplicationTests on LAPTOP-9DPVOP9K with PID 8628 (started by Q in D:\IdeaProjects\demo)
2024-03-27 09:42:07.117 [main] INFO  com.example.demo.DemoApplicationTests - No active profile set, falling back to default profiles: default
2024-03-27 09:42:07.857 [main] INFO  org.springframework.data.repository.config.RepositoryConfigurationDelegate - Multiple Spring Data modules found, entering strict repository configuration mode!
2024-03-27 09:42:07.859 [main] INFO  org.springframework.data.repository.config.RepositoryConfigurationDelegate - Bootstrapping Spring Data repositories in DEFAULT mode.
2024-03-27 09:42:07.886 [main] INFO  org.springframework.data.repository.config.RepositoryConfigurationDelegate - Finished Spring Data repository scanning in 22ms. Found 0 repository interfaces.
2024-03-27 09:42:07.896 [main] INFO  org.springframework.data.repository.config.RepositoryConfigurationDelegate - Multiple Spring Data modules found, entering strict repository configuration mode!
2024-03-27 09:42:07.898 [main] INFO  org.springframework.data.repository.config.RepositoryConfigurationDelegate - Bootstrapping Spring Data repositories in DEFAULT mode.
2024-03-27 09:42:07.913 [main] INFO  org.springframework.data.repository.config.RepositoryConfigurationDelegate - Finished Spring Data repository scanning in 5ms. Found 0 repository interfaces.
2024-03-27 09:42:08.252 [main] INFO  org.springframework.context.support.PostProcessorRegistrationDelegate$BeanPostProcessorChecker - Bean 'org.springframework.transaction.annotation.ProxyTransactionManagementConfiguration' of type [org.springframework.transaction.annotation.ProxyTransactionManagementConfiguration$$EnhancerBySpringCGLIB$$5a23738f] is not eligible for getting processed by all BeanPostProcessors (for example: not eligible for auto-proxying)
2024-03-27 09:42:09.638 [main] INFO  org.springframework.scheduling.concurrent.ThreadPoolTaskExecutor - Initializing ExecutorService 'applicationTaskExecutor'
2024-03-27 09:42:10.820 [main] INFO  com.example.demo.DemoApplicationTests - Started DemoApplicationTests in 4.279 seconds (JVM running for 5.254)
2024-03-27 09:42:11.002 [Thread-3] INFO  org.springframework.scheduling.concurrent.ThreadPoolTaskExecutor - Shutting down ExecutorService 'applicationTaskExecutor'
2024-03-27 09:42:11.003 [Thread-3] INFO  com.alibaba.druid.pool.DruidDataSource - {dataSource-0} closing ...
2024-03-27 09:42:50.280 [main] INFO  com.example.demo.DemoApplicationTests - Starting DemoApplicationTests on LAPTOP-9DPVOP9K with PID 16404 (started by Q in D:\IdeaProjects\demo)
2024-03-27 09:42:50.281 [main] INFO  com.example.demo.DemoApplicationTests - No active profile set, falling back to default profiles: default
2024-03-27 09:42:50.994 [main] INFO  org.springframework.data.repository.config.RepositoryConfigurationDelegate - Multiple Spring Data modules found, entering strict repository configuration mode!
2024-03-27 09:42:50.996 [main] INFO  org.springframework.data.repository.config.RepositoryConfigurationDelegate - Bootstrapping Spring Data repositories in DEFAULT mode.
2024-03-27 09:42:51.024 [main] INFO  org.springframework.data.repository.config.RepositoryConfigurationDelegate - Finished Spring Data repository scanning in 23ms. Found 0 repository interfaces.
2024-03-27 09:42:51.036 [main] INFO  org.springframework.data.repository.config.RepositoryConfigurationDelegate - Multiple Spring Data modules found, entering strict repository configuration mode!
2024-03-27 09:42:51.038 [main] INFO  org.springframework.data.repository.config.RepositoryConfigurationDelegate - Bootstrapping Spring Data repositories in DEFAULT mode.
2024-03-27 09:42:51.050 [main] INFO  org.springframework.data.repository.config.RepositoryConfigurationDelegate - Finished Spring Data repository scanning in 4ms. Found 0 repository interfaces.
2024-03-27 09:42:51.371 [main] INFO  org.springframework.context.support.PostProcessorRegistrationDelegate$BeanPostProcessorChecker - Bean 'org.springframework.transaction.annotation.ProxyTransactionManagementConfiguration' of type [org.springframework.transaction.annotation.ProxyTransactionManagementConfiguration$$EnhancerBySpringCGLIB$$84d51e3c] is not eligible for getting processed by all BeanPostProcessors (for example: not eligible for auto-proxying)
2024-03-27 09:42:52.811 [main] INFO  org.springframework.scheduling.concurrent.ThreadPoolTaskExecutor - Initializing ExecutorService 'applicationTaskExecutor'
2024-03-27 09:42:53.883 [main] INFO  com.example.demo.DemoApplicationTests - Started DemoApplicationTests in 4.072 seconds (JVM running for 5.061)
2024-03-27 09:42:54.062 [Thread-3] INFO  org.springframework.scheduling.concurrent.ThreadPoolTaskExecutor - Shutting down ExecutorService 'applicationTaskExecutor'
2024-03-27 09:42:54.063 [Thread-3] INFO  com.alibaba.druid.pool.DruidDataSource - {dataSource-0} closing ...
2024-03-27 09:46:44.478 [main] INFO  com.example.demo.DemoApplicationTests - Starting DemoApplicationTests on LAPTOP-9DPVOP9K with PID 8680 (started by Q in D:\IdeaProjects\demo)
2024-03-27 09:46:44.479 [main] INFO  com.example.demo.DemoApplicationTests - No active profile set, falling back to default profiles: default
2024-03-27 09:46:45.212 [main] INFO  org.springframework.data.repository.config.RepositoryConfigurationDelegate - Multiple Spring Data modules found, entering strict repository configuration mode!
2024-03-27 09:46:45.214 [main] INFO  org.springframework.data.repository.config.RepositoryConfigurationDelegate - Bootstrapping Spring Data repositories in DEFAULT mode.
2024-03-27 09:46:45.237 [main] INFO  org.springframework.data.repository.config.RepositoryConfigurationDelegate - Finished Spring Data repository scanning in 18ms. Found 0 repository interfaces.
2024-03-27 09:46:45.248 [main] INFO  org.springframework.data.repository.config.RepositoryConfigurationDelegate - Multiple Spring Data modules found, entering strict repository configuration mode!
2024-03-27 09:46:45.249 [main] INFO  org.springframework.data.repository.config.RepositoryConfigurationDelegate - Bootstrapping Spring Data repositories in DEFAULT mode.
2024-03-27 09:46:45.261 [main] INFO  org.springframework.data.repository.config.RepositoryConfigurationDelegate - Finished Spring Data repository scanning in 4ms. Found 0 repository interfaces.
2024-03-27 09:46:45.585 [main] INFO  org.springframework.context.support.PostProcessorRegistrationDelegate$BeanPostProcessorChecker - Bean 'org.springframework.transaction.annotation.ProxyTransactionManagementConfiguration' of type [org.springframework.transaction.annotation.ProxyTransactionManagementConfiguration$$EnhancerBySpringCGLIB$$3874e19e] is not eligible for getting processed by all BeanPostProcessors (for example: not eligible for auto-proxying)
2024-03-27 09:46:47.030 [main] INFO  org.springframework.scheduling.concurrent.ThreadPoolTaskExecutor - Initializing ExecutorService 'applicationTaskExecutor'
2024-03-27 09:46:48.141 [main] INFO  com.example.demo.DemoApplicationTests - Started DemoApplicationTests in 4.14 seconds (JVM running for 5.265)
2024-03-27 09:46:48.333 [Thread-3] INFO  org.springframework.scheduling.concurrent.ThreadPoolTaskExecutor - Shutting down ExecutorService 'applicationTaskExecutor'
2024-03-27 09:46:48.335 [Thread-3] INFO  com.alibaba.druid.pool.DruidDataSource - {dataSource-0} closing ...
2024-03-27 09:47:40.756 [main] INFO  com.example.demo.DemoApplicationTests - Starting DemoApplicationTests on LAPTOP-9DPVOP9K with PID 7624 (started by Q in D:\IdeaProjects\demo)
2024-03-27 09:47:40.757 [main] INFO  com.example.demo.DemoApplicationTests - No active profile set, falling back to default profiles: default
2024-03-27 09:47:41.469 [main] INFO  org.springframework.data.repository.config.RepositoryConfigurationDelegate - Multiple Spring Data modules found, entering strict repository configuration mode!
2024-03-27 09:47:41.470 [main] INFO  org.springframework.data.repository.config.RepositoryConfigurationDelegate - Bootstrapping Spring Data repositories in DEFAULT mode.
2024-03-27 09:47:41.491 [main] INFO  org.springframework.data.repository.config.RepositoryConfigurationDelegate - Finished Spring Data repository scanning in 17ms. Found 0 repository interfaces.
2024-03-27 09:47:41.502 [main] INFO  org.springframework.data.repository.config.RepositoryConfigurationDelegate - Multiple Spring Data modules found, entering strict repository configuration mode!
2024-03-27 09:47:41.503 [main] INFO  org.springframework.data.repository.config.RepositoryConfigurationDelegate - Bootstrapping Spring Data repositories in DEFAULT mode.
2024-03-27 09:47:41.516 [main] INFO  org.springframework.data.repository.config.RepositoryConfigurationDelegate - Finished Spring Data repository scanning in 5ms. Found 0 repository interfaces.
2024-03-27 09:47:41.851 [main] INFO  org.springframework.context.support.PostProcessorRegistrationDelegate$BeanPostProcessorChecker - Bean 'org.springframework.transaction.annotation.ProxyTransactionManagementConfiguration' of type [org.springframework.transaction.annotation.ProxyTransactionManagementConfiguration$$EnhancerBySpringCGLIB$$7a420215] is not eligible for getting processed by all BeanPostProcessors (for example: not eligible for auto-proxying)
2024-03-27 09:47:43.271 [main] INFO  org.springframework.scheduling.concurrent.ThreadPoolTaskExecutor - Initializing ExecutorService 'applicationTaskExecutor'
2024-03-27 09:47:44.390 [main] INFO  com.example.demo.DemoApplicationTests - Started DemoApplicationTests in 4.235 seconds (JVM running for 5.234)
2024-03-27 09:47:44.580 [Thread-3] INFO  org.springframework.scheduling.concurrent.ThreadPoolTaskExecutor - Shutting down ExecutorService 'applicationTaskExecutor'
2024-03-27 09:47:44.581 [Thread-3] INFO  com.alibaba.druid.pool.DruidDataSource - {dataSource-0} closing ...
2024-03-27 09:50:12.924 [main] INFO  com.example.demo.DemoApplicationTests - Starting DemoApplicationTests on LAPTOP-9DPVOP9K with PID 7996 (started by Q in D:\IdeaProjects\demo)
2024-03-27 09:50:12.925 [main] INFO  com.example.demo.DemoApplicationTests - No active profile set, falling back to default profiles: default
2024-03-27 09:50:13.697 [main] INFO  org.springframework.data.repository.config.RepositoryConfigurationDelegate - Multiple Spring Data modules found, entering strict repository configuration mode!
2024-03-27 09:50:13.699 [main] INFO  org.springframework.data.repository.config.RepositoryConfigurationDelegate - Bootstrapping Spring Data repositories in DEFAULT mode.
2024-03-27 09:50:13.723 [main] INFO  org.springframework.data.repository.config.RepositoryConfigurationDelegate - Finished Spring Data repository scanning in 19ms. Found 0 repository interfaces.
2024-03-27 09:50:13.733 [main] INFO  org.springframework.data.repository.config.RepositoryConfigurationDelegate - Multiple Spring Data modules found, entering strict repository configuration mode!
2024-03-27 09:50:13.735 [main] INFO  org.springframework.data.repository.config.RepositoryConfigurationDelegate - Bootstrapping Spring Data repositories in DEFAULT mode.
2024-03-27 09:50:13.745 [main] INFO  org.springframework.data.repository.config.RepositoryConfigurationDelegate - Finished Spring Data repository scanning in 4ms. Found 0 repository interfaces.
2024-03-27 09:50:14.099 [main] INFO  org.springframework.context.support.PostProcessorRegistrationDelegate$BeanPostProcessorChecker - Bean 'org.springframework.transaction.annotation.ProxyTransactionManagementConfiguration' of type [org.springframework.transaction.annotation.ProxyTransactionManagementConfiguration$$EnhancerBySpringCGLIB$$26701cff] is not eligible for getting processed by all BeanPostProcessors (for example: not eligible for auto-proxying)
2024-03-27 09:50:15.558 [main] INFO  org.springframework.scheduling.concurrent.ThreadPoolTaskExecutor - Initializing ExecutorService 'applicationTaskExecutor'
2024-03-27 09:50:16.716 [main] INFO  com.example.demo.DemoApplicationTests - Started DemoApplicationTests in 4.368 seconds (JVM running for 5.453)
2024-03-27 09:50:16.905 [Thread-3] INFO  org.springframework.scheduling.concurrent.ThreadPoolTaskExecutor - Shutting down ExecutorService 'applicationTaskExecutor'
2024-03-27 09:50:16.907 [Thread-3] INFO  com.alibaba.druid.pool.DruidDataSource - {dataSource-0} closing ...
2024-03-27 09:51:02.024 [main] INFO  com.example.demo.DemoApplicationTests - Starting DemoApplicationTests on LAPTOP-9DPVOP9K with PID 9544 (started by Q in D:\IdeaProjects\demo)
2024-03-27 09:51:02.026 [main] INFO  com.example.demo.DemoApplicationTests - No active profile set, falling back to default profiles: default
2024-03-27 09:51:02.788 [main] INFO  org.springframework.data.repository.config.RepositoryConfigurationDelegate - Multiple Spring Data modules found, entering strict repository configuration mode!
2024-03-27 09:51:02.790 [main] INFO  org.springframework.data.repository.config.RepositoryConfigurationDelegate - Bootstrapping Spring Data repositories in DEFAULT mode.
2024-03-27 09:51:02.811 [main] INFO  org.springframework.data.repository.config.RepositoryConfigurationDelegate - Finished Spring Data repository scanning in 18ms. Found 0 repository interfaces.
2024-03-27 09:51:02.821 [main] INFO  org.springframework.data.repository.config.RepositoryConfigurationDelegate - Multiple Spring Data modules found, entering strict repository configuration mode!
2024-03-27 09:51:02.822 [main] INFO  org.springframework.data.repository.config.RepositoryConfigurationDelegate - Bootstrapping Spring Data repositories in DEFAULT mode.
2024-03-27 09:51:02.832 [main] INFO  org.springframework.data.repository.config.RepositoryConfigurationDelegate - Finished Spring Data repository scanning in 4ms. Found 0 repository interfaces.
2024-03-27 09:51:03.176 [main] INFO  org.springframework.context.support.PostProcessorRegistrationDelegate$BeanPostProcessorChecker - Bean 'org.springframework.transaction.annotation.ProxyTransactionManagementConfiguration' of type [org.springframework.transaction.annotation.ProxyTransactionManagementConfiguration$$EnhancerBySpringCGLIB$$e4a4584c] is not eligible for getting processed by all BeanPostProcessors (for example: not eligible for auto-proxying)
2024-03-27 09:51:04.599 [main] INFO  org.springframework.scheduling.concurrent.ThreadPoolTaskExecutor - Initializing ExecutorService 'applicationTaskExecutor'
2024-03-27 09:51:05.701 [main] INFO  com.example.demo.DemoApplicationTests - Started DemoApplicationTests in 4.214 seconds (JVM running for 5.135)
2024-03-27 09:51:05.919 [Thread-3] INFO  org.springframework.scheduling.concurrent.ThreadPoolTaskExecutor - Shutting down ExecutorService 'applicationTaskExecutor'
2024-03-27 09:51:05.920 [Thread-3] INFO  com.alibaba.druid.pool.DruidDataSource - {dataSource-0} closing ...
2024-03-27 09:56:31.042 [main] INFO  com.example.demo.DemoApplicationTests - Starting DemoApplicationTests on LAPTOP-9DPVOP9K with PID 21516 (started by Q in D:\IdeaProjects\demo)
2024-03-27 09:56:31.044 [main] INFO  com.example.demo.DemoApplicationTests - No active profile set, falling back to default profiles: default
2024-03-27 09:56:31.749 [main] INFO  org.springframework.data.repository.config.RepositoryConfigurationDelegate - Multiple Spring Data modules found, entering strict repository configuration mode!
2024-03-27 09:56:31.750 [main] INFO  org.springframework.data.repository.config.RepositoryConfigurationDelegate - Bootstrapping Spring Data repositories in DEFAULT mode.
2024-03-27 09:56:31.780 [main] INFO  org.springframework.data.repository.config.RepositoryConfigurationDelegate - Finished Spring Data repository scanning in 26ms. Found 0 repository interfaces.
2024-03-27 09:56:31.790 [main] INFO  org.springframework.data.repository.config.RepositoryConfigurationDelegate - Multiple Spring Data modules found, entering strict repository configuration mode!
2024-03-27 09:56:31.791 [main] INFO  org.springframework.data.repository.config.RepositoryConfigurationDelegate - Bootstrapping Spring Data repositories in DEFAULT mode.
2024-03-27 09:56:31.800 [main] INFO  org.springframework.data.repository.config.RepositoryConfigurationDelegate - Finished Spring Data repository scanning in 3ms. Found 0 repository interfaces.
2024-03-27 09:56:32.129 [main] INFO  org.springframework.context.support.PostProcessorRegistrationDelegate$BeanPostProcessorChecker - Bean 'org.springframework.transaction.annotation.ProxyTransactionManagementConfiguration' of type [org.springframework.transaction.annotation.ProxyTransactionManagementConfiguration$$EnhancerBySpringCGLIB$$e4a4584c] is not eligible for getting processed by all BeanPostProcessors (for example: not eligible for auto-proxying)
2024-03-27 09:56:33.527 [main] INFO  org.springframework.scheduling.concurrent.ThreadPoolTaskExecutor - Initializing ExecutorService 'applicationTaskExecutor'
2024-03-27 09:56:34.648 [main] INFO  com.example.demo.DemoApplicationTests - Started DemoApplicationTests in 4.078 seconds (JVM running for 5.008)
2024-03-27 09:56:34.838 [Thread-3] INFO  org.springframework.scheduling.concurrent.ThreadPoolTaskExecutor - Shutting down ExecutorService 'applicationTaskExecutor'
2024-03-27 09:56:34.840 [Thread-3] INFO  com.alibaba.druid.pool.DruidDataSource - {dataSource-0} closing ...
2024-03-27 09:56:48.330 [main] INFO  com.example.demo.DemoApplicationTests - Starting DemoApplicationTests on LAPTOP-9DPVOP9K with PID 5688 (started by Q in D:\IdeaProjects\demo)
2024-03-27 09:56:48.331 [main] INFO  com.example.demo.DemoApplicationTests - No active profile set, falling back to default profiles: default
2024-03-27 09:56:49.065 [main] INFO  org.springframework.data.repository.config.RepositoryConfigurationDelegate - Multiple Spring Data modules found, entering strict repository configuration mode!
2024-03-27 09:56:49.067 [main] INFO  org.springframework.data.repository.config.RepositoryConfigurationDelegate - Bootstrapping Spring Data repositories in DEFAULT mode.
2024-03-27 09:56:49.088 [main] INFO  org.springframework.data.repository.config.RepositoryConfigurationDelegate - Finished Spring Data repository scanning in 16ms. Found 0 repository interfaces.
2024-03-27 09:56:49.098 [main] INFO  org.springframework.data.repository.config.RepositoryConfigurationDelegate - Multiple Spring Data modules found, entering strict repository configuration mode!
2024-03-27 09:56:49.100 [main] INFO  org.springframework.data.repository.config.RepositoryConfigurationDelegate - Bootstrapping Spring Data repositories in DEFAULT mode.
2024-03-27 09:56:49.109 [main] INFO  org.springframework.data.repository.config.RepositoryConfigurationDelegate - Finished Spring Data repository scanning in 4ms. Found 0 repository interfaces.
2024-03-27 09:56:49.462 [main] INFO  org.springframework.context.support.PostProcessorRegistrationDelegate$BeanPostProcessorChecker - Bean 'org.springframework.transaction.annotation.ProxyTransactionManagementConfiguration' of type [org.springframework.transaction.annotation.ProxyTransactionManagementConfiguration$$EnhancerBySpringCGLIB$$7a420215] is not eligible for getting processed by all BeanPostProcessors (for example: not eligible for auto-proxying)
2024-03-27 09:56:50.917 [main] INFO  org.springframework.scheduling.concurrent.ThreadPoolTaskExecutor - Initializing ExecutorService 'applicationTaskExecutor'
2024-03-27 09:56:52.027 [main] INFO  com.example.demo.DemoApplicationTests - Started DemoApplicationTests in 4.16 seconds (JVM running for 5.061)
2024-03-27 09:56:52.210 [Thread-3] INFO  org.springframework.scheduling.concurrent.ThreadPoolTaskExecutor - Shutting down ExecutorService 'applicationTaskExecutor'
2024-03-27 09:56:52.213 [Thread-3] INFO  com.alibaba.druid.pool.DruidDataSource - {dataSource-0} closing ...
2024-03-27 09:57:04.579 [main] INFO  com.example.demo.DemoApplicationTests - Starting DemoApplicationTests on LAPTOP-9DPVOP9K with PID 19052 (started by Q in D:\IdeaProjects\demo)
2024-03-27 09:57:04.580 [main] INFO  com.example.demo.DemoApplicationTests - No active profile set, falling back to default profiles: default
2024-03-27 09:57:05.363 [main] INFO  org.springframework.data.repository.config.RepositoryConfigurationDelegate - Multiple Spring Data modules found, entering strict repository configuration mode!
2024-03-27 09:57:05.366 [main] INFO  org.springframework.data.repository.config.RepositoryConfigurationDelegate - Bootstrapping Spring Data repositories in DEFAULT mode.
2024-03-27 09:57:05.389 [main] INFO  org.springframework.data.repository.config.RepositoryConfigurationDelegate - Finished Spring Data repository scanning in 18ms. Found 0 repository interfaces.
2024-03-27 09:57:05.398 [main] INFO  org.springframework.data.repository.config.RepositoryConfigurationDelegate - Multiple Spring Data modules found, entering strict repository configuration mode!
2024-03-27 09:57:05.399 [main] INFO  org.springframework.data.repository.config.RepositoryConfigurationDelegate - Bootstrapping Spring Data repositories in DEFAULT mode.
2024-03-27 09:57:05.409 [main] INFO  org.springframework.data.repository.config.RepositoryConfigurationDelegate - Finished Spring Data repository scanning in 4ms. Found 0 repository interfaces.
2024-03-27 09:57:05.741 [main] INFO  org.springframework.context.support.PostProcessorRegistrationDelegate$BeanPostProcessorChecker - Bean 'org.springframework.transaction.annotation.ProxyTransactionManagementConfiguration' of type [org.springframework.transaction.annotation.ProxyTransactionManagementConfiguration$$EnhancerBySpringCGLIB$$3d89700a] is not eligible for getting processed by all BeanPostProcessors (for example: not eligible for auto-proxying)
2024-03-27 09:57:07.184 [main] INFO  org.springframework.scheduling.concurrent.ThreadPoolTaskExecutor - Initializing ExecutorService 'applicationTaskExecutor'
2024-03-27 09:57:08.310 [main] INFO  com.example.demo.DemoApplicationTests - Started DemoApplicationTests in 4.272 seconds (JVM running for 5.166)
2024-03-27 09:57:08.484 [Thread-3] INFO  org.springframework.scheduling.concurrent.ThreadPoolTaskExecutor - Shutting down ExecutorService 'applicationTaskExecutor'
2024-03-27 09:57:08.485 [Thread-3] INFO  com.alibaba.druid.pool.DruidDataSource - {dataSource-0} closing ...
