2023-10-09 16:49:45.656 [main] INFO  com.example.demo.DemoApplicationTests - Starting DemoApplicationTests on LAPTOP-9DPVOP9K with PID 19516 (started by Q in D:\IdeaProjects\demo)
2023-10-09 16:49:45.657 [main] INFO  com.example.demo.DemoApplicationTests - No active profile set, falling back to default profiles: default
2023-10-09 16:49:46.661 [main] INFO  org.springframework.data.repository.config.RepositoryConfigurationDelegate - Bootstrapping Spring Data repositories in DEFAULT mode.
2023-10-09 16:49:46.694 [main] INFO  org.springframework.data.repository.config.RepositoryConfigurationDelegate - Finished Spring Data repository scanning in 21ms. Found 0 repository interfaces.
2023-10-09 16:49:47.128 [main] INFO  org.springframework.context.support.PostProcessorRegistrationDelegate$BeanPostProcessorChecker - Bean 'org.springframework.transaction.annotation.ProxyTransactionManagementConfiguration' of type [org.springframework.transaction.annotation.ProxyTransactionManagementConfiguration$$EnhancerBySpringCGLIB$$b2ca2d24] is not eligible for getting processed by all BeanPostProcessors (for example: not eligible for auto-proxying)
2023-10-09 16:49:50.408 [main] INFO  org.springframework.scheduling.concurrent.ThreadPoolTaskExecutor - Initializing ExecutorService 'applicationTaskExecutor'
2023-10-09 16:49:51.571 [main] INFO  com.example.demo.DemoApplicationTests - Started DemoApplicationTests in 6.452 seconds (JVM running for 7.692)
2023-10-09 16:49:51.909 [Thread-3] INFO  org.springframework.scheduling.concurrent.ThreadPoolTaskExecutor - Shutting down ExecutorService 'applicationTaskExecutor'
2023-10-09 16:49:51.911 [Thread-3] INFO  com.alibaba.druid.pool.DruidDataSource - {dataSource-0} closing ...
2023-10-09 16:51:27.922 [main] INFO  com.example.demo.DemoApplicationTests - Starting DemoApplicationTests on LAPTOP-9DPVOP9K with PID 13484 (started by Q in D:\IdeaProjects\demo)
2023-10-09 16:51:27.924 [main] INFO  com.example.demo.DemoApplicationTests - No active profile set, falling back to default profiles: default
2023-10-09 16:51:28.683 [main] INFO  org.springframework.data.repository.config.RepositoryConfigurationDelegate - Bootstrapping Spring Data repositories in DEFAULT mode.
2023-10-09 16:51:28.711 [main] INFO  org.springframework.data.repository.config.RepositoryConfigurationDelegate - Finished Spring Data repository scanning in 21ms. Found 0 repository interfaces.
2023-10-09 16:51:29.182 [main] INFO  org.springframework.context.support.PostProcessorRegistrationDelegate$BeanPostProcessorChecker - Bean 'org.springframework.transaction.annotation.ProxyTransactionManagementConfiguration' of type [org.springframework.transaction.annotation.ProxyTransactionManagementConfiguration$$EnhancerBySpringCGLIB$$e84a5104] is not eligible for getting processed by all BeanPostProcessors (for example: not eligible for auto-proxying)
2023-10-09 16:51:30.909 [main] INFO  org.springframework.scheduling.concurrent.ThreadPoolTaskExecutor - Initializing ExecutorService 'applicationTaskExecutor'
2023-10-09 16:51:32.205 [main] INFO  com.example.demo.DemoApplicationTests - Started DemoApplicationTests in 4.882 seconds (JVM running for 6.128)
2023-10-09 16:51:32.434 [Thread-3] INFO  org.springframework.scheduling.concurrent.ThreadPoolTaskExecutor - Shutting down ExecutorService 'applicationTaskExecutor'
2023-10-09 16:51:32.436 [Thread-3] INFO  com.alibaba.druid.pool.DruidDataSource - {dataSource-0} closing ...
2023-10-09 16:52:58.855 [main] INFO  com.example.demo.DemoApplicationTests - Starting DemoApplicationTests on LAPTOP-9DPVOP9K with PID 10808 (started by Q in D:\IdeaProjects\demo)
2023-10-09 16:52:58.857 [main] INFO  com.example.demo.DemoApplicationTests - No active profile set, falling back to default profiles: default
2023-10-09 16:52:59.684 [main] INFO  org.springframework.data.repository.config.RepositoryConfigurationDelegate - Bootstrapping Spring Data repositories in DEFAULT mode.
2023-10-09 16:52:59.710 [main] INFO  org.springframework.data.repository.config.RepositoryConfigurationDelegate - Finished Spring Data repository scanning in 19ms. Found 0 repository interfaces.
2023-10-09 16:53:00.101 [main] INFO  org.springframework.context.support.PostProcessorRegistrationDelegate$BeanPostProcessorChecker - Bean 'org.springframework.transaction.annotation.ProxyTransactionManagementConfiguration' of type [org.springframework.transaction.annotation.ProxyTransactionManagementConfiguration$$EnhancerBySpringCGLIB$$8f1aef36] is not eligible for getting processed by all BeanPostProcessors (for example: not eligible for auto-proxying)
2023-10-09 16:53:01.791 [main] INFO  org.springframework.scheduling.concurrent.ThreadPoolTaskExecutor - Initializing ExecutorService 'applicationTaskExecutor'
2023-10-09 16:53:02.673 [main] INFO  com.example.demo.DemoApplicationTests - Started DemoApplicationTests in 4.379 seconds (JVM running for 5.465)
2023-10-09 16:53:02.892 [Thread-3] INFO  org.springframework.scheduling.concurrent.ThreadPoolTaskExecutor - Shutting down ExecutorService 'applicationTaskExecutor'
2023-10-09 16:53:02.894 [Thread-3] INFO  com.alibaba.druid.pool.DruidDataSource - {dataSource-0} closing ...
2023-10-09 16:57:11.606 [main] INFO  com.example.demo.DemoApplicationTests - Starting DemoApplicationTests on LAPTOP-9DPVOP9K with PID 19836 (started by Q in D:\IdeaProjects\demo)
2023-10-09 16:57:11.607 [main] INFO  com.example.demo.DemoApplicationTests - No active profile set, falling back to default profiles: default
2023-10-09 16:57:12.174 [main] INFO  org.springframework.data.repository.config.RepositoryConfigurationDelegate - Bootstrapping Spring Data repositories in DEFAULT mode.
2023-10-09 16:57:12.192 [main] INFO  org.springframework.data.repository.config.RepositoryConfigurationDelegate - Finished Spring Data repository scanning in 14ms. Found 0 repository interfaces.
2023-10-09 16:57:12.518 [main] INFO  org.springframework.context.support.PostProcessorRegistrationDelegate$BeanPostProcessorChecker - Bean 'org.springframework.transaction.annotation.ProxyTransactionManagementConfiguration' of type [org.springframework.transaction.annotation.ProxyTransactionManagementConfiguration$$EnhancerBySpringCGLIB$$a1daff6f] is not eligible for getting processed by all BeanPostProcessors (for example: not eligible for auto-proxying)
2023-10-09 16:57:13.714 [main] INFO  org.springframework.scheduling.concurrent.ThreadPoolTaskExecutor - Initializing ExecutorService 'applicationTaskExecutor'
2023-10-09 16:57:14.425 [main] INFO  com.example.demo.DemoApplicationTests - Started DemoApplicationTests in 3.185 seconds (JVM running for 4.058)
2023-10-09 16:57:14.584 [Thread-3] INFO  org.springframework.scheduling.concurrent.ThreadPoolTaskExecutor - Shutting down ExecutorService 'applicationTaskExecutor'
2023-10-09 16:57:14.585 [Thread-3] INFO  com.alibaba.druid.pool.DruidDataSource - {dataSource-0} closing ...
2023-10-09 16:59:46.530 [main] INFO  com.example.demo.DemoApplicationTests - Starting DemoApplicationTests on LAPTOP-9DPVOP9K with PID 8932 (started by Q in D:\IdeaProjects\demo)
2023-10-09 16:59:46.532 [main] INFO  com.example.demo.DemoApplicationTests - No active profile set, falling back to default profiles: default
2023-10-09 16:59:47.157 [main] INFO  org.springframework.data.repository.config.RepositoryConfigurationDelegate - Bootstrapping Spring Data repositories in DEFAULT mode.
2023-10-09 16:59:47.180 [main] INFO  org.springframework.data.repository.config.RepositoryConfigurationDelegate - Finished Spring Data repository scanning in 18ms. Found 0 repository interfaces.
2023-10-09 16:59:47.488 [main] INFO  org.springframework.context.support.PostProcessorRegistrationDelegate$BeanPostProcessorChecker - Bean 'org.springframework.transaction.annotation.ProxyTransactionManagementConfiguration' of type [org.springframework.transaction.annotation.ProxyTransactionManagementConfiguration$$EnhancerBySpringCGLIB$$b2ca2d24] is not eligible for getting processed by all BeanPostProcessors (for example: not eligible for auto-proxying)
2023-10-09 16:59:48.629 [main] INFO  org.springframework.scheduling.concurrent.ThreadPoolTaskExecutor - Initializing ExecutorService 'applicationTaskExecutor'
2023-10-09 16:59:49.295 [main] INFO  com.example.demo.DemoApplicationTests - Started DemoApplicationTests in 3.237 seconds (JVM running for 4.354)
2023-10-09 16:59:49.463 [Thread-3] INFO  org.springframework.scheduling.concurrent.ThreadPoolTaskExecutor - Shutting down ExecutorService 'applicationTaskExecutor'
2023-10-09 16:59:49.465 [Thread-3] INFO  com.alibaba.druid.pool.DruidDataSource - {dataSource-0} closing ...
2023-10-09 17:00:37.542 [main] INFO  com.example.demo.DemoApplicationTests - Starting DemoApplicationTests on LAPTOP-9DPVOP9K with PID 17240 (started by Q in D:\IdeaProjects\demo)
2023-10-09 17:00:37.543 [main] INFO  com.example.demo.DemoApplicationTests - No active profile set, falling back to default profiles: default
2023-10-09 17:00:38.086 [main] INFO  org.springframework.data.repository.config.RepositoryConfigurationDelegate - Bootstrapping Spring Data repositories in DEFAULT mode.
2023-10-09 17:00:38.105 [main] INFO  org.springframework.data.repository.config.RepositoryConfigurationDelegate - Finished Spring Data repository scanning in 15ms. Found 0 repository interfaces.
2023-10-09 17:00:38.420 [main] INFO  org.springframework.context.support.PostProcessorRegistrationDelegate$BeanPostProcessorChecker - Bean 'org.springframework.transaction.annotation.ProxyTransactionManagementConfiguration' of type [org.springframework.transaction.annotation.ProxyTransactionManagementConfiguration$$EnhancerBySpringCGLIB$$7beb6de2] is not eligible for getting processed by all BeanPostProcessors (for example: not eligible for auto-proxying)
2023-10-09 17:00:39.574 [main] INFO  org.springframework.scheduling.concurrent.ThreadPoolTaskExecutor - Initializing ExecutorService 'applicationTaskExecutor'
2023-10-09 17:00:40.319 [main] INFO  com.example.demo.DemoApplicationTests - Started DemoApplicationTests in 3.163 seconds (JVM running for 3.985)
2023-10-09 17:00:40.462 [Thread-3] INFO  org.springframework.scheduling.concurrent.ThreadPoolTaskExecutor - Shutting down ExecutorService 'applicationTaskExecutor'
2023-10-09 17:00:40.464 [Thread-3] INFO  com.alibaba.druid.pool.DruidDataSource - {dataSource-0} closing ...
2023-10-09 17:02:40.129 [main] INFO  com.example.demo.DemoApplicationTests - Starting DemoApplicationTests on LAPTOP-9DPVOP9K with PID 11684 (started by Q in D:\IdeaProjects\demo)
2023-10-09 17:02:40.131 [main] INFO  com.example.demo.DemoApplicationTests - No active profile set, falling back to default profiles: default
2023-10-09 17:02:40.674 [main] INFO  org.springframework.data.repository.config.RepositoryConfigurationDelegate - Bootstrapping Spring Data repositories in DEFAULT mode.
2023-10-09 17:02:40.692 [main] INFO  org.springframework.data.repository.config.RepositoryConfigurationDelegate - Finished Spring Data repository scanning in 14ms. Found 0 repository interfaces.
2023-10-09 17:02:41.017 [main] INFO  org.springframework.context.support.PostProcessorRegistrationDelegate$BeanPostProcessorChecker - Bean 'org.springframework.transaction.annotation.ProxyTransactionManagementConfiguration' of type [org.springframework.transaction.annotation.ProxyTransactionManagementConfiguration$$EnhancerBySpringCGLIB$$88c685e0] is not eligible for getting processed by all BeanPostProcessors (for example: not eligible for auto-proxying)
2023-10-09 17:02:42.132 [main] INFO  org.springframework.scheduling.concurrent.ThreadPoolTaskExecutor - Initializing ExecutorService 'applicationTaskExecutor'
2023-10-09 17:02:42.790 [main] INFO  com.example.demo.DemoApplicationTests - Started DemoApplicationTests in 3.043 seconds (JVM running for 3.924)
2023-10-09 17:02:42.931 [Thread-3] INFO  org.springframework.scheduling.concurrent.ThreadPoolTaskExecutor - Shutting down ExecutorService 'applicationTaskExecutor'
2023-10-09 17:02:42.933 [Thread-3] INFO  com.alibaba.druid.pool.DruidDataSource - {dataSource-0} closing ...
2023-10-09 17:08:51.210 [main] INFO  com.example.demo.DemoApplicationTests - Starting DemoApplicationTests on LAPTOP-9DPVOP9K with PID 1916 (started by Q in D:\IdeaProjects\demo)
2023-10-09 17:08:51.215 [main] INFO  com.example.demo.DemoApplicationTests - No active profile set, falling back to default profiles: default
2023-10-09 17:08:51.999 [main] INFO  org.springframework.data.repository.config.RepositoryConfigurationDelegate - Bootstrapping Spring Data repositories in DEFAULT mode.
2023-10-09 17:08:52.022 [main] INFO  org.springframework.data.repository.config.RepositoryConfigurationDelegate - Finished Spring Data repository scanning in 16ms. Found 0 repository interfaces.
2023-10-09 17:08:52.510 [main] INFO  org.springframework.context.support.PostProcessorRegistrationDelegate$BeanPostProcessorChecker - Bean 'org.springframework.transaction.annotation.ProxyTransactionManagementConfiguration' of type [org.springframework.transaction.annotation.ProxyTransactionManagementConfiguration$$EnhancerBySpringCGLIB$$bad16613] is not eligible for getting processed by all BeanPostProcessors (for example: not eligible for auto-proxying)
2023-10-09 17:08:54.200 [main] INFO  org.springframework.scheduling.concurrent.ThreadPoolTaskExecutor - Initializing ExecutorService 'applicationTaskExecutor'
2023-10-09 17:08:55.127 [main] INFO  com.example.demo.DemoApplicationTests - Started DemoApplicationTests in 4.573 seconds (JVM running for 5.691)
2023-10-09 17:08:55.299 [Thread-3] INFO  org.springframework.scheduling.concurrent.ThreadPoolTaskExecutor - Shutting down ExecutorService 'applicationTaskExecutor'
2023-10-09 17:08:55.301 [Thread-3] INFO  com.alibaba.druid.pool.DruidDataSource - {dataSource-0} closing ...
2023-10-09 17:09:57.107 [main] INFO  com.example.demo.DemoApplicationTests - Starting DemoApplicationTests on LAPTOP-9DPVOP9K with PID 16508 (started by Q in D:\IdeaProjects\demo)
2023-10-09 17:09:57.109 [main] INFO  com.example.demo.DemoApplicationTests - No active profile set, falling back to default profiles: default
2023-10-09 17:09:57.694 [main] INFO  org.springframework.data.repository.config.RepositoryConfigurationDelegate - Bootstrapping Spring Data repositories in DEFAULT mode.
2023-10-09 17:09:57.712 [main] INFO  org.springframework.data.repository.config.RepositoryConfigurationDelegate - Finished Spring Data repository scanning in 14ms. Found 0 repository interfaces.
2023-10-09 17:09:58.060 [main] INFO  org.springframework.context.support.PostProcessorRegistrationDelegate$BeanPostProcessorChecker - Bean 'org.springframework.transaction.annotation.ProxyTransactionManagementConfiguration' of type [org.springframework.transaction.annotation.ProxyTransactionManagementConfiguration$$EnhancerBySpringCGLIB$$d0143296] is not eligible for getting processed by all BeanPostProcessors (for example: not eligible for auto-proxying)
2023-10-09 17:09:59.217 [main] INFO  org.springframework.scheduling.concurrent.ThreadPoolTaskExecutor - Initializing ExecutorService 'applicationTaskExecutor'
2023-10-09 17:09:59.922 [main] INFO  com.example.demo.DemoApplicationTests - Started DemoApplicationTests in 3.238 seconds (JVM running for 4.161)
2023-10-09 17:10:00.097 [Thread-3] INFO  org.springframework.scheduling.concurrent.ThreadPoolTaskExecutor - Shutting down ExecutorService 'applicationTaskExecutor'
2023-10-09 17:10:00.098 [Thread-3] INFO  com.alibaba.druid.pool.DruidDataSource - {dataSource-0} closing ...
2023-10-09 17:10:16.454 [main] INFO  com.example.demo.DemoApplicationTests - Starting DemoApplicationTests on LAPTOP-9DPVOP9K with PID 2424 (started by Q in D:\IdeaProjects\demo)
2023-10-09 17:10:16.455 [main] INFO  com.example.demo.DemoApplicationTests - No active profile set, falling back to default profiles: default
2023-10-09 17:10:17.076 [main] INFO  org.springframework.data.repository.config.RepositoryConfigurationDelegate - Bootstrapping Spring Data repositories in DEFAULT mode.
2023-10-09 17:10:17.099 [main] INFO  org.springframework.data.repository.config.RepositoryConfigurationDelegate - Finished Spring Data repository scanning in 16ms. Found 0 repository interfaces.
2023-10-09 17:10:17.437 [main] INFO  org.springframework.context.support.PostProcessorRegistrationDelegate$BeanPostProcessorChecker - Bean 'org.springframework.transaction.annotation.ProxyTransactionManagementConfiguration' of type [org.springframework.transaction.annotation.ProxyTransactionManagementConfiguration$$EnhancerBySpringCGLIB$$c0fca43d] is not eligible for getting processed by all BeanPostProcessors (for example: not eligible for auto-proxying)
2023-10-09 17:10:18.578 [main] INFO  org.springframework.scheduling.concurrent.ThreadPoolTaskExecutor - Initializing ExecutorService 'applicationTaskExecutor'
2023-10-09 17:10:19.246 [main] INFO  com.example.demo.DemoApplicationTests - Started DemoApplicationTests in 3.251 seconds (JVM running for 4.175)
2023-10-09 17:10:19.389 [Thread-3] INFO  org.springframework.scheduling.concurrent.ThreadPoolTaskExecutor - Shutting down ExecutorService 'applicationTaskExecutor'
2023-10-09 17:10:19.390 [Thread-3] INFO  com.alibaba.druid.pool.DruidDataSource - {dataSource-0} closing ...
2023-10-09 17:19:17.381 [main] INFO  com.example.demo.DemoApplicationTests - Starting DemoApplicationTests on LAPTOP-9DPVOP9K with PID 14072 (started by Q in D:\IdeaProjects\demo)
2023-10-09 17:19:17.382 [main] INFO  com.example.demo.DemoApplicationTests - No active profile set, falling back to default profiles: default
2023-10-09 17:19:18.026 [main] INFO  org.springframework.data.repository.config.RepositoryConfigurationDelegate - Bootstrapping Spring Data repositories in DEFAULT mode.
2023-10-09 17:19:18.053 [main] INFO  org.springframework.data.repository.config.RepositoryConfigurationDelegate - Finished Spring Data repository scanning in 22ms. Found 0 repository interfaces.
2023-10-09 17:19:18.412 [main] INFO  org.springframework.context.support.PostProcessorRegistrationDelegate$BeanPostProcessorChecker - Bean 'org.springframework.transaction.annotation.ProxyTransactionManagementConfiguration' of type [org.springframework.transaction.annotation.ProxyTransactionManagementConfiguration$$EnhancerBySpringCGLIB$$b2ca2d24] is not eligible for getting processed by all BeanPostProcessors (for example: not eligible for auto-proxying)
2023-10-09 17:19:19.599 [main] INFO  org.springframework.scheduling.concurrent.ThreadPoolTaskExecutor - Initializing ExecutorService 'applicationTaskExecutor'
2023-10-09 17:19:20.332 [main] INFO  com.example.demo.DemoApplicationTests - Started DemoApplicationTests in 3.364 seconds (JVM running for 4.297)
2023-10-09 17:19:20.480 [Thread-3] INFO  org.springframework.scheduling.concurrent.ThreadPoolTaskExecutor - Shutting down ExecutorService 'applicationTaskExecutor'
2023-10-09 17:19:20.481 [Thread-3] INFO  com.alibaba.druid.pool.DruidDataSource - {dataSource-0} closing ...
